<?xml version="1.0" encoding="UTF-8"?>
<!-- Generated by org.testng.reporters.JUnitReportReporter -->
<testsuite name="Test_Data_Login_page" tests="1" time="79.319" ignored="0" failures="0" timestamp="22 Mar 2020 08:22:06 GMT" skipped="0" hostname="LAPTOP-TF81628R" errors="0">
  <testcase name="Login" time="79.319" classname="Test_Data_Login_page"/>
</testsuite> <!-- Test_Data_Login_page -->
