<?xml version="1.0" encoding="UTF-8"?>
<!-- Generated by org.testng.reporters.JUnitReportReporter -->
<testsuite name="Test_Data_Account_Login" tests="1" time="44.813" ignored="0" failures="0" timestamp="22 Mar 2020 07:40:42 GMT" skipped="0" hostname="LAPTOP-TF81628R" errors="0">
  <testcase name="Login" time="44.813" classname="Test_Data_Account_Login"/>
</testsuite> <!-- Test_Data_Account_Login -->
